[NaNaLogFactoryImpl] Loading property file file:/u1/topprd/utl/java/jar/bpm/conf/NaNaLog.properties
SessionManager 0.001 "SessionManager" Create.
SessionManager 0.003 "SessionManager" Create UA session.
SessionManager 0.100 "Session ended" Should notify idle
SessionManager 0.101 "Session ended" Idle listeners notified
SessionManager 1.014 "SessionManager" Create UA session.
SessionManager 1.042 "Session ended" Should notify idle
SessionManager 1.043 "Session ended" Idle listeners notified
SessionManager 2.032 "SessionManager" Create UA session.
SessionManager 2.043 "Session ended" Should notify idle
SessionManager 2.044 "Session ended" Idle listeners notified
SessionManager 3.035 "SessionManager" Create UA session.
SessionManager 3.050 "Session ended" Should notify idle
SessionManager 3.051 "Session ended" Idle listeners notified
SessionManager 4.038 "SessionManager" Create UA session.
SessionManager 4.054 "Session ended" Should notify idle
SessionManager 4.054 "Session ended" Idle listeners notified
SessionManager 4.055 "Idle" -
=  Full session duration: 00:00:04.560
== Session statistics == Id: null ==
                 Duration: 00:00:01.085
           Bytes received: 0
               Bytes sent: 0
           Scenario count: 0
          Scenario failed: 1
            Checks failed: 0
          Files requested: 0
         Files downloaded: 0
     File download failed: 0
File download - bytes received: 0
Scenario failures:
 - Exception com.fourjs.ggc.StatusError:
Message: Failed to retrieve the application's session id.

com.fourjs.ggc.StatusError: Failed to retrieve the application's session id.
	at com.fourjs.ggc.client.UAClient.completed(UAClient.java:776)
	at com.fourjs.ggc.client.UAClient.completed(UAClient.java:55)
	at org.apache.http.concurrent.BasicFuture.completed(BasicFuture.java:123)
	at org.apache.http.impl.nio.client.DefaultClientExchangeHandlerImpl.responseCompleted(DefaultClientExchangeHandlerImpl.java:181)
	at org.apache.http.nio.protocol.HttpAsyncRequestExecutor.processResponse(HttpAsyncRequestExecutor.java:442)
	at org.apache.http.nio.protocol.HttpAsyncRequestExecutor.inputReady(HttpAsyncRequestExecutor.java:332)
	at org.apache.http.impl.nio.DefaultNHttpClientConnection.consumeInput(DefaultNHttpClientConnection.java:265)
	at org.apache.http.impl.nio.client.InternalIODispatch.onInputReady(InternalIODispatch.java:81)
	at org.apache.http.impl.nio.client.InternalIODispatch.onInputReady(InternalIODispatch.java:39)
	at org.apache.http.impl.nio.reactor.AbstractIODispatch.inputReady(AbstractIODispatch.java:114)
	at org.apache.http.impl.nio.reactor.BaseIOReactor.readable(BaseIOReactor.java:162)
	at org.apache.http.impl.nio.reactor.AbstractIOReactor.processEvent(AbstractIOReactor.java:337)
	at org.apache.http.impl.nio.reactor.AbstractIOReactor.processEvents(AbstractIOReactor.java:315)
	at org.apache.http.impl.nio.reactor.AbstractIOReactor.execute(AbstractIOReactor.java:276)
	at org.apache.http.impl.nio.reactor.BaseIOReactor.execute(BaseIOReactor.java:104)
	at org.apache.http.impl.nio.reactor.AbstractMultiworkerIOReactor$Worker.run(AbstractMultiworkerIOReactor.java:588)
	at java.lang.Thread.run(Thread.java:750)

== Session statistics == Id: null ==
                 Duration: 00:00:01.010
           Bytes received: 0
               Bytes sent: 0
           Scenario count: 0
          Scenario failed: 1
            Checks failed: 0
          Files requested: 0
         Files downloaded: 0
     File download failed: 0
File download - bytes received: 0
Scenario failures:
 - Exception com.fourjs.ggc.StatusError:
Message: Failed to retrieve the application's session id.

com.fourjs.ggc.StatusError: Failed to retrieve the application's session id.
	at com.fourjs.ggc.client.UAClient.completed(UAClient.java:776)
	at com.fourjs.ggc.client.UAClient.completed(UAClient.java:55)
	at org.apache.http.concurrent.BasicFuture.completed(BasicFuture.java:123)
	at org.apache.http.impl.nio.client.DefaultClientExchangeHandlerImpl.responseCompleted(DefaultClientExchangeHandlerImpl.java:181)
	at org.apache.http.nio.protocol.HttpAsyncRequestExecutor.processResponse(HttpAsyncRequestExecutor.java:442)
	at org.apache.http.nio.protocol.HttpAsyncRequestExecutor.inputReady(HttpAsyncRequestExecutor.java:332)
	at org.apache.http.impl.nio.DefaultNHttpClientConnection.consumeInput(DefaultNHttpClientConnection.java:265)
	at org.apache.http.impl.nio.client.InternalIODispatch.onInputReady(InternalIODispatch.java:81)
	at org.apache.http.impl.nio.client.InternalIODispatch.onInputReady(InternalIODispatch.java:39)
	at org.apache.http.impl.nio.reactor.AbstractIODispatch.inputReady(AbstractIODispatch.java:114)
	at org.apache.http.impl.nio.reactor.BaseIOReactor.readable(BaseIOReactor.java:162)
	at org.apache.http.impl.nio.reactor.AbstractIOReactor.processEvent(AbstractIOReactor.java:337)
	at org.apache.http.impl.nio.reactor.AbstractIOReactor.processEvents(AbstractIOReactor.java:315)
	at org.apache.http.impl.nio.reactor.AbstractIOReactor.execute(AbstractIOReactor.java:276)
	at org.apache.http.impl.nio.reactor.BaseIOReactor.execute(BaseIOReactor.java:104)
	at org.apache.http.impl.nio.reactor.AbstractMultiworkerIOReactor$Worker.run(AbstractMultiworkerIOReactor.java:588)
	at java.lang.Thread.run(Thread.java:750)

== Session statistics == Id: null ==
                 Duration: 00:00:01.008
           Bytes received: 0
               Bytes sent: 0
           Scenario count: 0
          Scenario failed: 1
            Checks failed: 0
          Files requested: 0
         Files downloaded: 0
     File download failed: 0
File download - bytes received: 0
Scenario failures:
 - Exception com.fourjs.ggc.StatusError:
Message: Failed to retrieve the application's session id.

com.fourjs.ggc.StatusError: Failed to retrieve the application's session id.
	at com.fourjs.ggc.client.UAClient.completed(UAClient.java:776)
	at com.fourjs.ggc.client.UAClient.completed(UAClient.java:55)
	at org.apache.http.concurrent.BasicFuture.completed(BasicFuture.java:123)
	at org.apache.http.impl.nio.client.DefaultClientExchangeHandlerImpl.responseCompleted(DefaultClientExchangeHandlerImpl.java:181)
	at org.apache.http.nio.protocol.HttpAsyncRequestExecutor.processResponse(HttpAsyncRequestExecutor.java:442)
	at org.apache.http.nio.protocol.HttpAsyncRequestExecutor.inputReady(HttpAsyncRequestExecutor.java:332)
	at org.apache.http.impl.nio.DefaultNHttpClientConnection.consumeInput(DefaultNHttpClientConnection.java:265)
	at org.apache.http.impl.nio.client.InternalIODispatch.onInputReady(InternalIODispatch.java:81)
	at org.apache.http.impl.nio.client.InternalIODispatch.onInputReady(InternalIODispatch.java:39)
	at org.apache.http.impl.nio.reactor.AbstractIODispatch.inputReady(AbstractIODispatch.java:114)
	at org.apache.http.impl.nio.reactor.BaseIOReactor.readable(BaseIOReactor.java:162)
	at org.apache.http.impl.nio.reactor.AbstractIOReactor.processEvent(AbstractIOReactor.java:337)
	at org.apache.http.impl.nio.reactor.AbstractIOReactor.processEvents(AbstractIOReactor.java:315)
	at org.apache.http.impl.nio.reactor.AbstractIOReactor.execute(AbstractIOReactor.java:276)
	at org.apache.http.impl.nio.reactor.BaseIOReactor.execute(BaseIOReactor.java:104)
	at org.apache.http.impl.nio.reactor.AbstractMultiworkerIOReactor$Worker.run(AbstractMultiworkerIOReactor.java:588)
	at java.lang.Thread.run(Thread.java:750)

== Session statistics == Id: null ==
                 Duration: 00:00:01.013
           Bytes received: 0
               Bytes sent: 0
           Scenario count: 0
          Scenario failed: 1
            Checks failed: 0
          Files requested: 0
         Files downloaded: 0
     File download failed: 0
File download - bytes received: 0
Scenario failures:
 - Exception com.fourjs.ggc.StatusError:
Message: Failed to retrieve the application's session id.

com.fourjs.ggc.StatusError: Failed to retrieve the application's session id.
	at com.fourjs.ggc.client.UAClient.completed(UAClient.java:776)
	at com.fourjs.ggc.client.UAClient.completed(UAClient.java:55)
	at org.apache.http.concurrent.BasicFuture.completed(BasicFuture.java:123)
	at org.apache.http.impl.nio.client.DefaultClientExchangeHandlerImpl.responseCompleted(DefaultClientExchangeHandlerImpl.java:181)
	at org.apache.http.nio.protocol.HttpAsyncRequestExecutor.processResponse(HttpAsyncRequestExecutor.java:442)
	at org.apache.http.nio.protocol.HttpAsyncRequestExecutor.inputReady(HttpAsyncRequestExecutor.java:332)
	at org.apache.http.impl.nio.DefaultNHttpClientConnection.consumeInput(DefaultNHttpClientConnection.java:265)
	at org.apache.http.impl.nio.client.InternalIODispatch.onInputReady(InternalIODispatch.java:81)
	at org.apache.http.impl.nio.client.InternalIODispatch.onInputReady(InternalIODispatch.java:39)
	at org.apache.http.impl.nio.reactor.AbstractIODispatch.inputReady(AbstractIODispatch.java:114)
	at org.apache.http.impl.nio.reactor.BaseIOReactor.readable(BaseIOReactor.java:162)
	at org.apache.http.impl.nio.reactor.AbstractIOReactor.processEvent(AbstractIOReactor.java:337)
	at org.apache.http.impl.nio.reactor.AbstractIOReactor.processEvents(AbstractIOReactor.java:315)
	at org.apache.http.impl.nio.reactor.AbstractIOReactor.execute(AbstractIOReactor.java:276)
	at org.apache.http.impl.nio.reactor.BaseIOReactor.execute(BaseIOReactor.java:104)
	at org.apache.http.impl.nio.reactor.AbstractMultiworkerIOReactor$Worker.run(AbstractMultiworkerIOReactor.java:588)
	at java.lang.Thread.run(Thread.java:750)

== Session statistics == Id: null ==
                 Duration: 00:00:00.011
           Bytes received: 0
               Bytes sent: 0
           Scenario count: 0
          Scenario failed: 1
            Checks failed: 0
          Files requested: 0
         Files downloaded: 0
     File download failed: 0
File download - bytes received: 0
Scenario failures:
 - Exception com.fourjs.ggc.StatusError:
Message: Failed to retrieve the application's session id.

com.fourjs.ggc.StatusError: Failed to retrieve the application's session id.
	at com.fourjs.ggc.client.UAClient.completed(UAClient.java:776)
	at com.fourjs.ggc.client.UAClient.completed(UAClient.java:55)
	at org.apache.http.concurrent.BasicFuture.completed(BasicFuture.java:123)
	at org.apache.http.impl.nio.client.DefaultClientExchangeHandlerImpl.responseCompleted(DefaultClientExchangeHandlerImpl.java:181)
	at org.apache.http.nio.protocol.HttpAsyncRequestExecutor.processResponse(HttpAsyncRequestExecutor.java:442)
	at org.apache.http.nio.protocol.HttpAsyncRequestExecutor.inputReady(HttpAsyncRequestExecutor.java:332)
	at org.apache.http.impl.nio.DefaultNHttpClientConnection.consumeInput(DefaultNHttpClientConnection.java:265)
	at org.apache.http.impl.nio.client.InternalIODispatch.onInputReady(InternalIODispatch.java:81)
	at org.apache.http.impl.nio.client.InternalIODispatch.onInputReady(InternalIODispatch.java:39)
	at org.apache.http.impl.nio.reactor.AbstractIODispatch.inputReady(AbstractIODispatch.java:114)
	at org.apache.http.impl.nio.reactor.BaseIOReactor.readable(BaseIOReactor.java:162)
	at org.apache.http.impl.nio.reactor.AbstractIOReactor.processEvent(AbstractIOReactor.java:337)
	at org.apache.http.impl.nio.reactor.AbstractIOReactor.processEvents(AbstractIOReactor.java:315)
	at org.apache.http.impl.nio.reactor.AbstractIOReactor.execute(AbstractIOReactor.java:276)
	at org.apache.http.impl.nio.reactor.BaseIOReactor.execute(BaseIOReactor.java:104)
	at org.apache.http.impl.nio.reactor.AbstractMultiworkerIOReactor$Worker.run(AbstractMultiworkerIOReactor.java:588)
	at java.lang.Thread.run(Thread.java:750)

